<?xml version="1.0" encoding="UTF-8"?>
<testng-results skipped="0" failed="0" ignored="0" total="1" passed="1">
  <reporter-output>
  </reporter-output>
  <suite name="Default suite" duration-ms="74" started-at="2021-12-09T22:00:19 IST" finished-at="2021-12-09T22:00:20 IST">
    <groups>
    </groups>
    <test name="Default test" duration-ms="74" started-at="2021-12-09T22:00:19 IST" finished-at="2021-12-09T22:00:20 IST">
      <class name="SelfPractice.Sample">
        <test-method status="PASS" signature="sampleTest()[pri:0, instance:SelfPractice.Sample@7494e528]" name="sampleTest" duration-ms="13" started-at="2021-12-09T22:00:20 IST" finished-at="2021-12-09T22:00:20 IST">
          <reporter-output>
          </reporter-output>
        </test-method> <!-- sampleTest -->
      </class> <!-- SelfPractice.Sample -->
    </test> <!-- Default test -->
  </suite> <!-- Default suite -->
</testng-results>
